This is pdfTeX, Version 3.14159265-2.6-1.40.16 (TeX Live 2015) (preloaded format=pdflatex 2015.5.24)  25 FEB 2016 00:56
entering extended mode
 restricted \write18 enabled.
 file:line:error style messages enabled.
 %&-line parsing enabled.
**Bitraining.tex
(./Bitraining.tex
LaTeX2e <2015/01/01>
Babel <3.9l> and hyphenation patterns for 79 languages loaded.
(/usr/local/texlive/2015/texmf-dist/tex/latex/base/article.cls
Document Class: article 2014/09/29 v1.4h Standard LaTeX document class
(/usr/local/texlive/2015/texmf-dist/tex/latex/base/size11.clo
File: size11.clo 2014/09/29 v1.4h Standard LaTeX file (size option)
)
\c@part=\count79
\c@section=\count80
\c@subsection=\count81
\c@subsubsection=\count82
\c@paragraph=\count83
\c@subparagraph=\count84
\c@figure=\count85
\c@table=\count86
\abovecaptionskip=\skip41
\belowcaptionskip=\skip42
\bibindent=\dimen102
)
(/usr/local/texlive/2015/texmf-dist/tex/latex/geometry/geometry.sty
Package: geometry 2010/09/12 v5.6 Page Geometry

(/usr/local/texlive/2015/texmf-dist/tex/latex/graphics/keyval.sty
Package: keyval 2014/10/28 v1.15 key=value parser (DPC)
\KV@toks@=\toks14
)
(/usr/local/texlive/2015/texmf-dist/tex/generic/oberdiek/ifpdf.sty
Package: ifpdf 2011/01/30 v2.3 Provides the ifpdf switch (HO)
Package ifpdf Info: pdfTeX in PDF mode is detected.
)
(/usr/local/texlive/2015/texmf-dist/tex/generic/oberdiek/ifvtex.sty
Package: ifvtex 2010/03/01 v1.5 Detect VTeX and its facilities (HO)
Package ifvtex Info: VTeX not detected.
)
(/usr/local/texlive/2015/texmf-dist/tex/generic/ifxetex/ifxetex.sty
Package: ifxetex 2010/09/12 v0.6 Provides ifxetex conditional
)
\Gm@cnth=\count87
\Gm@cntv=\count88
\c@Gm@tempcnt=\count89
\Gm@bindingoffset=\dimen103
\Gm@wd@mp=\dimen104
\Gm@odd@mp=\dimen105
\Gm@even@mp=\dimen106
\Gm@layoutwidth=\dimen107
\Gm@layoutheight=\dimen108
\Gm@layouthoffset=\dimen109
\Gm@layoutvoffset=\dimen110
\Gm@dimlist=\toks15
)
(/usr/local/texlive/2015/texmf-dist/tex/latex/mathtools/mathtools.sty
Package: mathtools 2015/05/11 v1.16 mathematical typesetting tools

(/usr/local/texlive/2015/texmf-dist/tex/latex/tools/calc.sty
Package: calc 2014/10/28 v4.3 Infix arithmetic (KKT,FJ)
\calc@Acount=\count90
\calc@Bcount=\count91
\calc@Adimen=\dimen111
\calc@Bdimen=\dimen112
\calc@Askip=\skip43
\calc@Bskip=\skip44
LaTeX Info: Redefining \setlength on input line 80.
LaTeX Info: Redefining \addtolength on input line 81.
\calc@Ccount=\count92
\calc@Cskip=\skip45
)
(/usr/local/texlive/2015/texmf-dist/tex/latex/mathtools/mhsetup.sty
Package: mhsetup 2010/01/21 v1.2a programming setup (MH)
)
(/usr/local/texlive/2015/texmf-dist/tex/latex/amsmath/amsmath.sty
Package: amsmath 2013/01/14 v2.14 AMS math features
\@mathmargin=\skip46

For additional information on amsmath, use the `?' option.
(/usr/local/texlive/2015/texmf-dist/tex/latex/amsmath/amstext.sty
Package: amstext 2000/06/29 v2.01

(/usr/local/texlive/2015/texmf-dist/tex/latex/amsmath/amsgen.sty
File: amsgen.sty 1999/11/30 v2.0
\@emptytoks=\toks16
\ex@=\dimen113
))
(/usr/local/texlive/2015/texmf-dist/tex/latex/amsmath/amsbsy.sty
Package: amsbsy 1999/11/29 v1.2d
\pmbraise@=\dimen114
)
(/usr/local/texlive/2015/texmf-dist/tex/latex/amsmath/amsopn.sty
Package: amsopn 1999/12/14 v2.01 operator names
)
\inf@bad=\count93
LaTeX Info: Redefining \frac on input line 210.
\uproot@=\count94
\leftroot@=\count95
LaTeX Info: Redefining \overline on input line 306.
\classnum@=\count96
\DOTSCASE@=\count97
LaTeX Info: Redefining \ldots on input line 378.
LaTeX Info: Redefining \dots on input line 381.
LaTeX Info: Redefining \cdots on input line 466.
\Mathstrutbox@=\box26
\strutbox@=\box27
\big@size=\dimen115
LaTeX Font Info:    Redeclaring font encoding OML on input line 566.
LaTeX Font Info:    Redeclaring font encoding OMS on input line 567.
\macc@depth=\count98
\c@MaxMatrixCols=\count99
\dotsspace@=\muskip10
\c@parentequation=\count100
\dspbrk@lvl=\count101
\tag@help=\toks17
\row@=\count102
\column@=\count103
\maxfields@=\count104
\andhelp@=\toks18
\eqnshift@=\dimen116
\alignsep@=\dimen117
\tagshift@=\dimen118
\tagwidth@=\dimen119
\totwidth@=\dimen120
\lineht@=\dimen121
\@envbody=\toks19
\multlinegap=\skip47
\multlinetaggap=\skip48
\mathdisplay@stack=\toks20
LaTeX Info: Redefining \[ on input line 2665.
LaTeX Info: Redefining \] on input line 2666.
)
LaTeX Info: Thecontrolsequence`\('isalreadyrobust on input line 129.
LaTeX Info: Thecontrolsequence`\)'isalreadyrobust on input line 129.
LaTeX Info: Thecontrolsequence`\['isalreadyrobust on input line 129.
LaTeX Info: Thecontrolsequence`\]'isalreadyrobust on input line 129.
\g_MT_multlinerow_int=\count105
\l_MT_multwidth_dim=\dimen122
\origjot=\skip49
\l_MT_shortvdotswithinadjustabove_dim=\dimen123
\l_MT_shortvdotswithinadjustbelow_dim=\dimen124
\l_MT_above_intertext_sep=\dimen125
\l_MT_below_intertext_sep=\dimen126
\l_MT_above_shortintertext_sep=\dimen127
\l_MT_below_shortintertext_sep=\dimen128
)
(/usr/local/texlive/2015/texmf-dist/tex/latex/graphics/graphicx.sty
Package: graphicx 2014/10/28 v1.0g Enhanced LaTeX Graphics (DPC,SPQR)

(/usr/local/texlive/2015/texmf-dist/tex/latex/graphics/graphics.sty
Package: graphics 2014/10/28 v1.0p Standard LaTeX Graphics (DPC,SPQR)

(/usr/local/texlive/2015/texmf-dist/tex/latex/graphics/trig.sty
Package: trig 1999/03/16 v1.09 sin cos tan (DPC)
)
(/usr/local/texlive/2015/texmf-dist/tex/latex/latexconfig/graphics.cfg
File: graphics.cfg 2010/04/23 v1.9 graphics configuration of TeX Live
)
Package graphics Info: Driver file: pdftex.def on input line 94.

(/usr/local/texlive/2015/texmf-dist/tex/latex/pdftex-def/pdftex.def
File: pdftex.def 2011/05/27 v0.06d Graphics/color for pdfTeX

(/usr/local/texlive/2015/texmf-dist/tex/generic/oberdiek/infwarerr.sty
Package: infwarerr 2010/04/08 v1.3 Providing info/warning/error messages (HO)
)
(/usr/local/texlive/2015/texmf-dist/tex/generic/oberdiek/ltxcmds.sty
Package: ltxcmds 2011/11/09 v1.22 LaTeX kernel commands for general use (HO)
)
\Gread@gobject=\count106
))
\Gin@req@height=\dimen129
\Gin@req@width=\dimen130
)
(/usr/local/texlive/2015/texmf-dist/tex/latex/amsfonts/amssymb.sty
Package: amssymb 2013/01/14 v3.01 AMS font symbols

(/usr/local/texlive/2015/texmf-dist/tex/latex/amsfonts/amsfonts.sty
Package: amsfonts 2013/01/14 v3.01 Basic AMSFonts support
\symAMSa=\mathgroup4
\symAMSb=\mathgroup5
LaTeX Font Info:    Overwriting math alphabet `\mathfrak' in version `bold'
(Font)                  U/euf/m/n --> U/euf/b/n on input line 106.
))
(./Bitraining.aux)
\openout1 = `Bitraining.aux'.

LaTeX Font Info:    Checking defaults for OML/cmm/m/it on input line 16.
LaTeX Font Info:    ... okay on input line 16.
LaTeX Font Info:    Checking defaults for T1/cmr/m/n on input line 16.
LaTeX Font Info:    ... okay on input line 16.
LaTeX Font Info:    Checking defaults for OT1/cmr/m/n on input line 16.
LaTeX Font Info:    ... okay on input line 16.
LaTeX Font Info:    Checking defaults for OMS/cmsy/m/n on input line 16.
LaTeX Font Info:    ... okay on input line 16.
LaTeX Font Info:    Checking defaults for OMX/cmex/m/n on input line 16.
LaTeX Font Info:    ... okay on input line 16.
LaTeX Font Info:    Checking defaults for U/cmr/m/n on input line 16.
LaTeX Font Info:    ... okay on input line 16.

*geometry* driver: auto-detecting
*geometry* detected driver: pdftex
*geometry* verbose mode - [ preamble ] result:
* driver: pdftex
* paper: letterpaper
* layout: <same size as paper>
* layoutoffset:(h,v)=(0.0pt,0.0pt)
* modes: 
* h-part:(L,W,R)=(92.14519pt, 430.00462pt, 92.14519pt)
* v-part:(T,H,B)=(95.39737pt, 556.47656pt, 143.09605pt)
* \paperwidth=614.295pt
* \paperheight=794.96999pt
* \textwidth=430.00462pt
* \textheight=556.47656pt
* \oddsidemargin=19.8752pt
* \evensidemargin=19.8752pt
* \topmargin=-13.87262pt
* \headheight=12.0pt
* \headsep=25.0pt
* \topskip=11.0pt
* \footskip=30.0pt
* \marginparwidth=59.0pt
* \marginparsep=10.0pt
* \columnsep=10.0pt
* \skip\footins=10.0pt plus 4.0pt minus 2.0pt
* \hoffset=0.0pt
* \voffset=0.0pt
* \mag=1000
* \@twocolumnfalse
* \@twosidefalse
* \@mparswitchfalse
* \@reversemarginfalse
* (1in=72.27pt=25.4mm, 1cm=28.453pt)

(/usr/local/texlive/2015/texmf-dist/tex/context/base/supp-pdf.mkii
[Loading MPS to PDF converter (version 2006.09.02).]
\scratchcounter=\count107
\scratchdimen=\dimen131
\scratchbox=\box28
\nofMPsegments=\count108
\nofMParguments=\count109
\everyMPshowfont=\toks21
\MPscratchCnt=\count110
\MPscratchDim=\dimen132
\MPnumerator=\count111
\makeMPintoPDFobject=\count112
\everyMPtoPDFconversion=\toks22
) (/usr/local/texlive/2015/texmf-dist/tex/generic/oberdiek/pdftexcmds.sty
Package: pdftexcmds 2011/11/29 v0.20 Utility functions of pdfTeX for LuaTeX (HO
)

(/usr/local/texlive/2015/texmf-dist/tex/generic/oberdiek/ifluatex.sty
Package: ifluatex 2010/03/01 v1.3 Provides the ifluatex switch (HO)
Package ifluatex Info: LuaTeX not detected.
)
Package pdftexcmds Info: LuaTeX not detected.
Package pdftexcmds Info: \pdf@primitive is available.
Package pdftexcmds Info: \pdf@ifprimitive is available.
Package pdftexcmds Info: \pdfdraftmode found.
)
(/usr/local/texlive/2015/texmf-dist/tex/latex/oberdiek/epstopdf-base.sty
Package: epstopdf-base 2010/02/09 v2.5 Base part for package epstopdf

(/usr/local/texlive/2015/texmf-dist/tex/latex/oberdiek/grfext.sty
Package: grfext 2010/08/19 v1.1 Manage graphics extensions (HO)

(/usr/local/texlive/2015/texmf-dist/tex/generic/oberdiek/kvdefinekeys.sty
Package: kvdefinekeys 2011/04/07 v1.3 Define keys (HO)
))
(/usr/local/texlive/2015/texmf-dist/tex/latex/oberdiek/kvoptions.sty
Package: kvoptions 2011/06/30 v3.11 Key value format for package options (HO)

(/usr/local/texlive/2015/texmf-dist/tex/generic/oberdiek/kvsetkeys.sty
Package: kvsetkeys 2012/04/25 v1.16 Key value parser (HO)

(/usr/local/texlive/2015/texmf-dist/tex/generic/oberdiek/etexcmds.sty
Package: etexcmds 2011/02/16 v1.5 Avoid name clashes with e-TeX commands (HO)
Package etexcmds Info: Could not find \expanded.
(etexcmds)             That can mean that you are not using pdfTeX 1.50 or
(etexcmds)             that some package has redefined \expanded.
(etexcmds)             In the latter case, load this package earlier.
)))
Package grfext Info: Graphics extension search list:
(grfext)             [.png,.pdf,.jpg,.mps,.jpeg,.jbig2,.jb2,.PNG,.PDF,.JPG,.JPE
G,.JBIG2,.JB2,.eps]
(grfext)             \AppendGraphicsExtensions on input line 452.

(/usr/local/texlive/2015/texmf-dist/tex/latex/latexconfig/epstopdf-sys.cfg
File: epstopdf-sys.cfg 2010/07/13 v1.3 Configuration of (r)epstopdf for TeX Liv
e
))
LaTeX Font Info:    Try loading font information for U+msa on input line 23.

(/usr/local/texlive/2015/texmf-dist/tex/latex/amsfonts/umsa.fd
File: umsa.fd 2013/01/14 v3.01 AMS symbols A
)
LaTeX Font Info:    Try loading font information for U+msb on input line 23.

(/usr/local/texlive/2015/texmf-dist/tex/latex/amsfonts/umsb.fd
File: umsb.fd 2013/01/14 v3.01 AMS symbols B
)
Package epstopdf Info: Source file: <forward_channel.eps>
(epstopdf)                    date: 2015-11-19 20:11:59
(epstopdf)                    size: 39051 bytes
(epstopdf)             Output file: <forward_channel-eps-converted-to.pdf>
(epstopdf)                    date: 2015-11-19 20:14:20
(epstopdf)                    size: 9296 bytes
(epstopdf)             Command: <repstopdf --outfile=forward_channel-eps-conver
ted-to.pdf forward_channel.eps>
(epstopdf)             \includegraphics on input line 34.
Package epstopdf Info: Output file is already uptodate.

<forward_channel-eps-converted-to.pdf, id=1, 518.93875pt x 220.825pt>
File: forward_channel-eps-converted-to.pdf Graphic file (type pdf)

<use forward_channel-eps-converted-to.pdf>
Package pdftex.def Info: forward_channel-eps-converted-to.pdf used on input lin
e 34.
(pdftex.def)             Requested size: 312.9803pt x 133.19012pt.
Package epstopdf Info: Source file: <backward_channel.eps>
(epstopdf)                    date: 2015-11-19 20:25:23
(epstopdf)                    size: 46888 bytes
(epstopdf)             Output file: <backward_channel-eps-converted-to.pdf>
(epstopdf)                    date: 2015-11-19 20:26:05
(epstopdf)                    size: 11148 bytes
(epstopdf)             Command: <repstopdf --outfile=backward_channel-eps-conve
rted-to.pdf backward_channel.eps>
(epstopdf)             \includegraphics on input line 40.
Package epstopdf Info: Output file is already uptodate.

<backward_channel-eps-converted-to.pdf, id=2, 507.8975pt x 220.825pt>
File: backward_channel-eps-converted-to.pdf Graphic file (type pdf)

<use backward_channel-eps-converted-to.pdf>
Package pdftex.def Info: backward_channel-eps-converted-to.pdf used on input li
ne 40.
(pdftex.def)             Requested size: 312.9803pt x 136.08118pt.


LaTeX Warning: `h' float specifier changed to `ht'.

[1

{/usr/local/texlive/2015/texmf-var/fonts/map/pdftex/updmap/pdftex.map} <./forwa
rd_channel-eps-converted-to.pdf>] [2 <./backward_channel-eps-converted-to.pdf>]
 [3]
Overfull \hbox (3.37724pt too wide) in paragraph at lines 252--253
\OT1/cmr/bx/n/10.95 avail-able \OT1/cmr/m/n/10.95 to each user. In this case, w
e could ei-ther adopt Least Mean Square Method(LMS)
 []

[4]
Overfull \hbox (65.06293pt too wide) in paragraph at lines 306--306
[] 
 []


Overfull \hbox (51.77742pt too wide) in paragraph at lines 319--319
[] 
 []


Overfull \hbox (51.77742pt too wide) in paragraph at lines 332--332
[] 
 []

[5] [6]
Package epstopdf Info: Source file: <forward_channel_2.eps>
(epstopdf)                    date: 2015-11-24 18:51:01
(epstopdf)                    size: 35563 bytes
(epstopdf)             Output file: <forward_channel_2-eps-converted-to.pdf>
(epstopdf)                    date: 2015-11-24 18:53:43
(epstopdf)                    size: 8803 bytes
(epstopdf)             Command: <repstopdf --outfile=forward_channel_2-eps-conv
erted-to.pdf forward_channel_2.eps>
(epstopdf)             \includegraphics on input line 351.
Package epstopdf Info: Output file is already uptodate.

<forward_channel_2-eps-converted-to.pdf, id=59, 507.8975pt x 220.825pt>
File: forward_channel_2-eps-converted-to.pdf Graphic file (type pdf)

<use forward_channel_2-eps-converted-to.pdf>
Package pdftex.def Info: forward_channel_2-eps-converted-to.pdf used on input l
ine 351.
(pdftex.def)             Requested size: 312.9803pt x 136.08118pt.
Package epstopdf Info: Source file: <backward_channel_2.eps>
(epstopdf)                    date: 2015-11-24 18:53:32
(epstopdf)                    size: 42685 bytes
(epstopdf)             Output file: <backward_channel_2-eps-converted-to.pdf>
(epstopdf)                    date: 2015-11-24 18:53:45
(epstopdf)                    size: 10607 bytes
(epstopdf)             Command: <repstopdf --outfile=backward_channel_2-eps-con
verted-to.pdf backward_channel_2.eps>
(epstopdf)             \includegraphics on input line 357.
Package epstopdf Info: Output file is already uptodate.

<backward_channel_2-eps-converted-to.pdf, id=60, 489.83pt x 220.825pt>
File: backward_channel_2-eps-converted-to.pdf Graphic file (type pdf)

<use backward_channel_2-eps-converted-to.pdf>
Package pdftex.def Info: backward_channel_2-eps-converted-to.pdf used on input 
line 357.
(pdftex.def)             Requested size: 312.9803pt x 141.10175pt.
 [7 <./forward_channel_2-eps-converted-to.pdf> <./backward_channel_2-eps-conver
ted-to.pdf>]
Overfull \hbox (44.31235pt too wide) in paragraph at lines 439--439
[] 
 []


Overfull \hbox (57.1299pt too wide) in paragraph at lines 466--466
[] 
 []

[8]
Overfull \hbox (57.1299pt too wide) in paragraph at lines 496--496
[] 
 []


Overfull \hbox (57.1299pt too wide) in paragraph at lines 522--522
[] 
 []


Overfull \hbox (57.1299pt too wide) in paragraph at lines 547--547
[] 
 []

[9] [10] [11]
Package epstopdf Info: Source file: <forward_channel_3.eps>
(epstopdf)                    date: 2016-01-14 15:19:58
(epstopdf)                    size: 36986 bytes
(epstopdf)             Output file: <forward_channel_3-eps-converted-to.pdf>
(epstopdf)                    date: 2016-01-14 15:22:10
(epstopdf)                    size: 8936 bytes
(epstopdf)             Command: <repstopdf --outfile=forward_channel_3-eps-conv
erted-to.pdf forward_channel_3.eps>
(epstopdf)             \includegraphics on input line 597.
Package epstopdf Info: Output file is already uptodate.

<forward_channel_3-eps-converted-to.pdf, id=99, 518.93875pt x 220.825pt>
File: forward_channel_3-eps-converted-to.pdf Graphic file (type pdf)

<use forward_channel_3-eps-converted-to.pdf>
Package pdftex.def Info: forward_channel_3-eps-converted-to.pdf used on input l
ine 597.
(pdftex.def)             Requested size: 312.9803pt x 133.19012pt.
Package epstopdf Info: Source file: <backward_channel_3.eps>
(epstopdf)                    date: 2016-01-14 15:19:40
(epstopdf)                    size: 44694 bytes
(epstopdf)             Output file: <backward_channel_3-eps-converted-to.pdf>
(epstopdf)                    date: 2016-01-14 15:22:13
(epstopdf)                    size: 10775 bytes
(epstopdf)             Command: <repstopdf --outfile=backward_channel_3-eps-con
verted-to.pdf backward_channel_3.eps>
(epstopdf)             \includegraphics on input line 603.
Package epstopdf Info: Output file is already uptodate.

<backward_channel_3-eps-converted-to.pdf, id=100, 498.86375pt x 220.825pt>
File: backward_channel_3-eps-converted-to.pdf Graphic file (type pdf)

<use backward_channel_3-eps-converted-to.pdf>
Package pdftex.def Info: backward_channel_3-eps-converted-to.pdf used on input 
line 603.
(pdftex.def)             Requested size: 312.9803pt x 138.54765pt.
 [12 <./forward_channel_3-eps-converted-to.pdf> <./backward_channel_3-eps-conve
rted-to.pdf>]
Package epstopdf Info: Source file: <Simple_Receivers.eps>
(epstopdf)                    date: 2016-02-25 00:23:37
(epstopdf)                    size: 16443 bytes
(epstopdf)             Output file: <Simple_Receivers-eps-converted-to.pdf>
(epstopdf)                    date: 2016-02-25 00:26:29
(epstopdf)                    size: 8694 bytes
(epstopdf)             Command: <repstopdf --outfile=Simple_Receivers-eps-conve
rted-to.pdf Simple_Receivers.eps>
(epstopdf)             \includegraphics on input line 621.
Package epstopdf Info: Output file is already uptodate.

<Simple_Receivers-eps-converted-to.pdf, id=126, 562.1pt x 421.575pt>
File: Simple_Receivers-eps-converted-to.pdf Graphic file (type pdf)

<use Simple_Receivers-eps-converted-to.pdf>
Package pdftex.def Info: Simple_Receivers-eps-converted-to.pdf used on input li
ne 621.
(pdftex.def)             Requested size: 312.9803pt x 234.73595pt.
Package epstopdf Info: Source file: <Augmented_Receivers.eps>
(epstopdf)                    date: 2016-02-25 00:22:37
(epstopdf)                    size: 23703 bytes
(epstopdf)             Output file: <Augmented_Receivers-eps-converted-to.pdf>
(epstopdf)                    date: 2016-02-25 00:26:30
(epstopdf)                    size: 9752 bytes
(epstopdf)             Command: <repstopdf --outfile=Augmented_Receivers-eps-co
nverted-to.pdf Augmented_Receivers.eps>
(epstopdf)             \includegraphics on input line 627.
Package epstopdf Info: Output file is already uptodate.

<Augmented_Receivers-eps-converted-to.pdf, id=127, 562.1pt x 421.575pt>
File: Augmented_Receivers-eps-converted-to.pdf Graphic file (type pdf)

<use Augmented_Receivers-eps-converted-to.pdf>
Package pdftex.def Info: Augmented_Receivers-eps-converted-to.pdf used on input
 line 627.
(pdftex.def)             Requested size: 312.9803pt x 234.73595pt.


LaTeX Warning: `h' float specifier changed to `ht'.

[13 <./Simple_Receivers-eps-converted-to.pdf>]
Overfull \hbox (22.67589pt too wide) in paragraph at lines 655--655
[] 
 []


Overfull \hbox (85.21506pt too wide) in paragraph at lines 659--659
[] 
 []


Overfull \hbox (79.12732pt too wide) in paragraph at lines 663--663
[] 
 []


Overfull \hbox (39.55565pt too wide) in paragraph at lines 667--667
[] 
 []

[14 <./Augmented_Receivers-eps-converted-to.pdf>]
Overfull \hbox (36.44337pt too wide) in paragraph at lines 671--671
[] 
 []

Package epstopdf Info: Source file: <01.eps>
(epstopdf)                    date: 2015-10-23 01:52:42
(epstopdf)                    size: 73400 bytes
(epstopdf)             Output file: <01-eps-converted-to.pdf>
(epstopdf)                    date: 2015-10-23 01:53:07
(epstopdf)                    size: 21817 bytes
(epstopdf)             Command: <repstopdf --outfile=01-eps-converted-to.pdf 01
.eps>
(epstopdf)             \includegraphics on input line 681.
Package epstopdf Info: Output file is already uptodate.
<01-eps-converted-to.pdf, id=151, 807.015pt x 584.1825pt>
File: 01-eps-converted-to.pdf Graphic file (type pdf)

<use 01-eps-converted-to.pdf>
Package pdftex.def Info: 01-eps-converted-to.pdf used on input line 681.
(pdftex.def)             Requested size: 426.79134pt x 308.9467pt.
Package epstopdf Info: Source file: <1USER_4X4MIMO.eps>
(epstopdf)                    date: 2015-10-28 01:15:42
(epstopdf)                    size: 1986505 bytes
(epstopdf)             Output file: <1USER_4X4MIMO-eps-converted-to.pdf>
(epstopdf)                    date: 2015-11-10 02:42:39
(epstopdf)                    size: 412131 bytes
(epstopdf)             Command: <repstopdf --outfile=1USER_4X4MIMO-eps-converte
d-to.pdf 1USER_4X4MIMO.eps>
(epstopdf)             \includegraphics on input line 687.
Package epstopdf Info: Output file is already uptodate.

<1USER_4X4MIMO-eps-converted-to.pdf, id=152, 1445.4pt x 729.72626pt>
File: 1USER_4X4MIMO-eps-converted-to.pdf Graphic file (type pdf)

<use 1USER_4X4MIMO-eps-converted-to.pdf>
Package pdftex.def Info: 1USER_4X4MIMO-eps-converted-to.pdf used on input line 
687.
(pdftex.def)             Requested size: 625.96062pt x 316.02539pt.
Package epstopdf Info: Source file: <LMS1.eps>
(epstopdf)                    date: 2015-11-04 15:14:18
(epstopdf)                    size: 107593 bytes
(epstopdf)             Output file: <LMS1-eps-converted-to.pdf>
(epstopdf)                    date: 2015-11-04 15:26:46
(epstopdf)                    size: 12903 bytes
(epstopdf)             Command: <repstopdf --outfile=LMS1-eps-converted-to.pdf 
LMS1.eps>
(epstopdf)             \includegraphics on input line 693.
Package epstopdf Info: Output file is already uptodate.

<LMS1-eps-converted-to.pdf, id=153, 562.1pt x 421.575pt>
File: LMS1-eps-converted-to.pdf Graphic file (type pdf)

<use LMS1-eps-converted-to.pdf>
Package pdftex.def Info: LMS1-eps-converted-to.pdf used on input line 693.
(pdftex.def)             Requested size: 625.96062pt x 469.49762pt.
Package epstopdf Info: Source file: <LMS2.eps>
(epstopdf)                    date: 2015-11-04 15:17:26
(epstopdf)                    size: 107542 bytes
(epstopdf)             Output file: <LMS2-eps-converted-to.pdf>
(epstopdf)                    date: 2015-11-04 15:26:46
(epstopdf)                    size: 12566 bytes
(epstopdf)             Command: <repstopdf --outfile=LMS2-eps-converted-to.pdf 
LMS2.eps>
(epstopdf)             \includegraphics on input line 699.
Package epstopdf Info: Output file is already uptodate.

<LMS2-eps-converted-to.pdf, id=154, 562.1pt x 421.575pt>
File: LMS2-eps-converted-to.pdf Graphic file (type pdf)

<use LMS2-eps-converted-to.pdf>
Package pdftex.def Info: LMS2-eps-converted-to.pdf used on input line 699.
(pdftex.def)             Requested size: 625.96062pt x 469.49762pt.
Package epstopdf Info: Source file: <LMS3.eps>
(epstopdf)                    date: 2015-11-04 15:23:33
(epstopdf)                    size: 107639 bytes
(epstopdf)             Output file: <LMS3-eps-converted-to.pdf>
(epstopdf)                    date: 2015-11-04 15:26:47
(epstopdf)                    size: 12825 bytes
(epstopdf)             Command: <repstopdf --outfile=LMS3-eps-converted-to.pdf 
LMS3.eps>
(epstopdf)             \includegraphics on input line 705.
Package epstopdf Info: Output file is already uptodate.

<LMS3-eps-converted-to.pdf, id=155, 693.59125pt x 686.565pt>
File: LMS3-eps-converted-to.pdf Graphic file (type pdf)

<use LMS3-eps-converted-to.pdf>
Package pdftex.def Info: LMS3-eps-converted-to.pdf used on input line 705.
(pdftex.def)             Requested size: 625.96062pt x 619.64183pt.


LaTeX Warning: Float too large for page by 88.89444pt on input line 707.

Package epstopdf Info: Source file: <LMS4.eps>
(epstopdf)                    date: 2015-11-04 15:25:44
(epstopdf)                    size: 107673 bytes
(epstopdf)             Output file: <LMS4-eps-converted-to.pdf>
(epstopdf)                    date: 2015-11-04 15:26:47
(epstopdf)                    size: 12718 bytes
(epstopdf)             Command: <repstopdf --outfile=LMS4-eps-converted-to.pdf 
LMS4.eps>
(epstopdf)             \includegraphics on input line 711.
Package epstopdf Info: Output file is already uptodate.
<LMS4-eps-converted-to.pdf, id=156, 693.59125pt x 686.565pt>
File: LMS4-eps-converted-to.pdf Graphic file (type pdf)

<use LMS4-eps-converted-to.pdf>
Package pdftex.def Info: LMS4-eps-converted-to.pdf used on input line 711.
(pdftex.def)             Requested size: 625.96062pt x 619.64183pt.


LaTeX Warning: Float too large for page by 88.89444pt on input line 713.

Package epstopdf Info: Source file: <LMS5.eps>
(epstopdf)                    date: 2015-11-05 14:12:10
(epstopdf)                    size: 102267 bytes
(epstopdf)             Output file: <LMS5-eps-converted-to.pdf>
(epstopdf)                    date: 2015-11-05 14:12:35
(epstopdf)                    size: 11475 bytes
(epstopdf)             Command: <repstopdf --outfile=LMS5-eps-converted-to.pdf 
LMS5.eps>
(epstopdf)             \includegraphics on input line 717.
Package epstopdf Info: Output file is already uptodate.
<LMS5-eps-converted-to.pdf, id=157, 562.1pt x 421.575pt>
File: LMS5-eps-converted-to.pdf Graphic file (type pdf)

<use LMS5-eps-converted-to.pdf>
Package pdftex.def Info: LMS5-eps-converted-to.pdf used on input line 717.
(pdftex.def)             Requested size: 625.96062pt x 469.49762pt.
Package epstopdf Info: Source file: <LS1.eps>
(epstopdf)                    date: 2015-11-04 15:29:38
(epstopdf)                    size: 107481 bytes
(epstopdf)             Output file: <LS1-eps-converted-to.pdf>
(epstopdf)                    date: 2015-11-04 15:30:54
(epstopdf)                    size: 12720 bytes
(epstopdf)             Command: <repstopdf --outfile=LS1-eps-converted-to.pdf L
S1.eps>
(epstopdf)             \includegraphics on input line 723.
Package epstopdf Info: Output file is already uptodate.

<LS1-eps-converted-to.pdf, id=158, 723.70375pt x 533.995pt>
File: LS1-eps-converted-to.pdf Graphic file (type pdf)

<use LS1-eps-converted-to.pdf>
Package pdftex.def Info: LS1-eps-converted-to.pdf used on input line 723.
(pdftex.def)             Requested size: 625.96062pt x 461.88303pt.
Package epstopdf Info: Source file: <only_private.eps>
(epstopdf)                    date: 2015-11-10 02:42:15
(epstopdf)                    size: 19328 bytes
(epstopdf)             Output file: <only_private-eps-converted-to.pdf>
(epstopdf)                    date: 2015-11-10 02:42:39
(epstopdf)                    size: 10742 bytes
(epstopdf)             Command: <repstopdf --outfile=only_private-eps-converted
-to.pdf only_private.eps>
(epstopdf)             \includegraphics on input line 729.
Package epstopdf Info: Output file is already uptodate.

<only_private-eps-converted-to.pdf, id=159, 604.2575pt x 442.65375pt>
File: only_private-eps-converted-to.pdf Graphic file (type pdf)

<use only_private-eps-converted-to.pdf>
Package pdftex.def Info: only_private-eps-converted-to.pdf used on input line 7
29.
(pdftex.def)             Requested size: 625.96062pt x 458.55237pt.
Package epstopdf Info: Source file: <no_coop.eps>
(epstopdf)                    date: 2015-11-10 02:42:01
(epstopdf)                    size: 19101 bytes
(epstopdf)             Output file: <no_coop-eps-converted-to.pdf>
(epstopdf)                    date: 2015-11-10 02:42:40
(epstopdf)                    size: 10874 bytes
(epstopdf)             Command: <repstopdf --outfile=no_coop-eps-converted-to.p
df no_coop.eps>
(epstopdf)             \includegraphics on input line 735.
Package epstopdf Info: Output file is already uptodate.

<no_coop-eps-converted-to.pdf, id=160, 562.1pt x 421.575pt>
File: no_coop-eps-converted-to.pdf Graphic file (type pdf)

<use no_coop-eps-converted-to.pdf>
Package pdftex.def Info: no_coop-eps-converted-to.pdf used on input line 735.
(pdftex.def)             Requested size: 625.96062pt x 469.49762pt.
Package epstopdf Info: Source file: <coop.eps>
(epstopdf)                    date: 2015-11-10 02:42:32
(epstopdf)                    size: 19111 bytes
(epstopdf)             Output file: <coop-eps-converted-to.pdf>
(epstopdf)                    date: 2015-11-10 02:42:40
(epstopdf)                    size: 10871 bytes
(epstopdf)             Command: <repstopdf --outfile=coop-eps-converted-to.pdf 
coop.eps>
(epstopdf)             \includegraphics on input line 741.
Package epstopdf Info: Output file is already uptodate.

<coop-eps-converted-to.pdf, id=161, 562.1pt x 421.575pt>
File: coop-eps-converted-to.pdf Graphic file (type pdf)

<use coop-eps-converted-to.pdf>
Package pdftex.def Info: coop-eps-converted-to.pdf used on input line 741.
(pdftex.def)             Requested size: 625.96062pt x 469.49762pt.
 [15 <./01-eps-converted-to.pdf>] [16 <./1USER_4X4MIMO-eps-converted-to.pdf>] [
17 <./LMS1-eps-converted-to.pdf>] [18 <./LMS2-eps-converted-to.pdf>] [19 <./LMS
3-eps-converted-to.pdf>] [20 <./LMS4-eps-converted-to.pdf>] [21 <./LMS5-eps-con
verted-to.pdf>] [22 <./LS1-eps-converted-to.pdf>] [23 <./only_private-eps-conve
rted-to.pdf>] [24 <./no_coop-eps-converted-to.pdf>] [25 <./coop-eps-converted-t
o.pdf>] (./Bitraining.aux) ) 
Here is how much of TeX's memory you used:
 3508 strings out of 493089
 51212 string characters out of 6134842
 133913 words of memory out of 5000000
 6914 multiletter control sequences out of 15000+600000
 11973 words of font info for 45 fonts, out of 8000000 for 9000
 1141 hyphenation exceptions out of 8191
 37i,17n,26p,1001b,235s stack positions out of 5000i,500n,10000p,200000b,80000s
</usr/local/texlive/2015/texmf-dist/fonts/type1/pub
lic/amsfonts/cm/cmbx10.pfb></usr/local/texlive/2015/texmf-dist/fonts/type1/publ
ic/amsfonts/cm/cmbx12.pfb></usr/local/texlive/2015/texmf-dist/fonts/type1/publi
c/amsfonts/cm/cmbx8.pfb></usr/local/texlive/2015/texmf-dist/fonts/type1/public/
amsfonts/cm/cmex10.pfb></usr/local/texlive/2015/texmf-dist/fonts/type1/public/a
msfonts/cm/cmmi10.pfb></usr/local/texlive/2015/texmf-dist/fonts/type1/public/am
sfonts/cm/cmmi6.pfb></usr/local/texlive/2015/texmf-dist/fonts/type1/public/amsf
onts/cm/cmmi8.pfb></usr/local/texlive/2015/texmf-dist/fonts/type1/public/amsfon
ts/cm/cmr10.pfb></usr/local/texlive/2015/texmf-dist/fonts/type1/public/amsfonts
/cm/cmr12.pfb></usr/local/texlive/2015/texmf-dist/fonts/type1/public/amsfonts/c
m/cmr17.pfb></usr/local/texlive/2015/texmf-dist/fonts/type1/public/amsfonts/cm/
cmr6.pfb></usr/local/texlive/2015/texmf-dist/fonts/type1/public/amsfonts/cm/cmr
8.pfb></usr/local/texlive/2015/texmf-dist/fonts/type1/public/amsfonts/cm/cmsy10
.pfb></usr/local/texlive/2015/texmf-dist/fonts/type1/public/amsfonts/cm/cmsy8.p
fb>
Output written on Bitraining.pdf (25 pages, 744498 bytes).
PDF statistics:
 357 PDF objects out of 1000 (max. 8388607)
 238 compressed objects within 3 object streams
 0 named destinations out of 1000 (max. 500000)
 96 words of extra memory for PDF output out of 10000 (max. 10000000)

